[2025-06-02 02:36:44 UTC] [REQUEST   ] Pilot requested 'expected_taxi_clearance' → Status set to 'requested'
[2025-06-02 02:36:47 UTC] [SOCKET    ] ATC response emitted for action 'expected_taxi_clearance'
[2025-06-02 02:46:03 UTC] [REQUEST   ] Pilot requested 'expected_taxi_clearance' → Status set to 'requested'
[2025-06-02 02:46:08 UTC] [SOCKET    ] ATC response emitted for action 'expected_taxi_clearance'
[2025-06-02 02:46:12 UTC] [ACTION    ] {"action": "load", "requestType": "expected_taxi_clearance", "status": "loaded", "message": "TAXI VIA C, C1, B, B1. HOLDSHORT RWY 24R"}
[2025-06-02 02:46:47 UTC] [REQUEST   ] Pilot requested 'taxi_clearance' → Status set to 'requested'
[2025-06-02 02:46:48 UTC] [CANCEL    ] Pilot cancelled request 'taxi_clearance'
[2025-06-02 02:46:51 UTC] [SOCKET    ] Response for 'taxi_clearance' skipped (cancelled)
[2025-06-02 02:47:11 UTC] [REQUEST   ] Pilot requested 'taxi_clearance' → Status set to 'requested'
[2025-06-02 02:47:11 UTC] [CANCEL    ] Pilot cancelled request 'taxi_clearance'
[2025-06-02 02:47:13 UTC] [SOCKET    ] Response for 'taxi_clearance' skipped (cancelled)
[2025-06-02 02:47:19 UTC] [REQUEST   ] Pilot requested 'taxi_clearance' → Status set to 'requested'
[2025-06-02 02:47:20 UTC] [CANCEL    ] Pilot cancelled request 'taxi_clearance'
[2025-06-02 02:47:23 UTC] [SOCKET    ] Response for 'taxi_clearance' skipped (cancelled)
[2025-06-02 02:47:53 UTC] [REQUEST   ] Pilot requested 'taxi_clearance' → Status set to 'requested'
[2025-06-02 02:47:55 UTC] [SOCKET    ] Response for 'taxi_clearance' skipped (cancelled)
[2025-06-02 02:48:20 UTC] [REQUEST   ] Pilot requested 'engine_startup' → Status set to 'requested'
[2025-06-02 02:48:24 UTC] [SOCKET    ] ATC response emitted for action 'engine_startup'
[2025-06-02 02:50:06 UTC] [REQUEST   ] Pilot requested 'de_icing' → Status set to 'requested'
[2025-06-02 02:50:12 UTC] [SOCKET    ] ATC response emitted for action 'de_icing'
[2025-06-02 02:54:52 UTC] [REQUEST   ] Pilot requested 'de_icing' → Status set to 'requested'
[2025-06-02 02:54:58 UTC] [SOCKET    ] ATC response emitted for action 'de_icing'
[2025-06-02 02:56:26 UTC] [REQUEST   ] Pilot requested 'de_icing' → Status set to 'requested'
[2025-06-02 02:56:31 UTC] [SOCKET    ] ATC response emitted for action 'de_icing'
[2025-06-02 02:56:31 UTC] [ACTION    ] {"action": "wilco", "requestType": "de_icing", "status": "closed", "message": "WILCO acknowledged"}
[2025-06-02 02:57:15 UTC] [REQUEST   ] Pilot requested 'de_icing' → Status set to 'requested'
[2025-06-02 02:57:21 UTC] [SOCKET    ] ATC response emitted for action 'de_icing'
[2025-06-02 02:57:24 UTC] [ACTION    ] {"action": "wilco", "requestType": "de_icing", "status": "closed", "message": "WILCO acknowledged"}
[2025-06-02 02:58:09 UTC] [REQUEST   ] Pilot requested 'de_icing' → Status set to 'requested'
[2025-06-02 02:58:15 UTC] [SOCKET    ] ATC response emitted for action 'de_icing'
[2025-06-02 02:58:17 UTC] [ACTION    ] {"action": "wilco", "requestType": "de_icing", "status": "closed", "message": "WILCO acknowledged"}
[2025-06-02 02:59:55 UTC] [REQUEST   ] Pilot requested 'de_icing' → Status set to 'requested'
[2025-06-02 03:00:00 UTC] [SOCKET    ] ATC response emitted for action 'de_icing'
[2025-06-02 03:00:01 UTC] [ACTION    ] {"action": "wilco", "requestType": "de_icing", "status": "closed", "message": "WILCO acknowledged"}
[2025-06-02 03:05:04 UTC] [REQUEST   ] Pilot requested 'de_icing' → Status set to 'requested'
[2025-06-02 03:05:08 UTC] [SOCKET    ] ATC response emitted for action 'de_icing'
[2025-06-02 03:05:09 UTC] [ACTION    ] {"action": "wilco", "requestType": "de_icing", "status": "closed", "message": "WILCO acknowledged"}
[2025-06-02 03:06:40 UTC] [REQUEST   ] Pilot requested 'de_icing' → Status set to 'requested'
[2025-06-02 03:06:46 UTC] [SOCKET    ] ATC response emitted for action 'de_icing'
[2025-06-02 03:07:36 UTC] [REQUEST   ] Pilot requested 'de_icing' → Status set to 'requested'
[2025-06-02 03:07:39 UTC] [SOCKET    ] ATC response emitted for action 'de_icing'
[2025-06-02 03:07:41 UTC] [ACTION    ] {"action": "wilco", "requestType": "de_icing", "status": "closed", "message": "WILCO acknowledged"}
[2025-06-02 03:08:59 UTC] [REQUEST   ] Pilot requested 'de_icing' → Status set to 'requested'
[2025-06-02 03:09:04 UTC] [SOCKET    ] ATC response emitted for action 'de_icing'
[2025-06-02 03:09:06 UTC] [ACTION    ] {"action": "standby", "requestType": "de_icing", "status": "standby", "message": "STANDBY - Awaiting ATC"}
[2025-06-02 03:09:27 UTC] [REQUEST   ] Pilot requested 'de_icing' → Status set to 'requested'
[2025-06-02 03:09:29 UTC] [SOCKET    ] ATC response emitted for action 'de_icing'
[2025-06-02 03:09:31 UTC] [ACTION    ] {"action": "standby", "requestType": "de_icing", "status": "standby", "message": "STANDBY - Awaiting ATC"}
[2025-06-02 03:09:42 UTC] [REQUEST   ] Pilot requested 'de_icing' → Status set to 'requested'
[2025-06-02 03:09:45 UTC] [SOCKET    ] ATC response emitted for action 'de_icing'
[2025-06-02 03:09:48 UTC] [ACTION    ] {"action": "wilco", "requestType": "de_icing", "status": "closed", "message": "WILCO acknowledged"}
[2025-06-02 03:12:53 UTC] [REQUEST   ] Pilot requested 'de_icing' → Status set to 'requested'
[2025-06-02 03:12:57 UTC] [SOCKET    ] ATC response emitted for action 'de_icing'
[2025-06-02 03:13:05 UTC] [REQUEST   ] Pilot requested 'de_icing' → Status set to 'requested'
[2025-06-02 03:13:10 UTC] [SOCKET    ] ATC response emitted for action 'de_icing'
[2025-06-02 03:13:38 UTC] [ACTION    ] {"action": "wilco", "requestType": "de_icing", "status": "closed", "message": "WILCO acknowledged"}
[2025-06-02 03:14:11 UTC] [REQUEST   ] Pilot requested 'de_icing' → Status set to 'requested'
[2025-06-02 03:14:16 UTC] [SOCKET    ] ATC response emitted for action 'de_icing'
[2025-06-02 03:14:17 UTC] [ACTION    ] {"action": "standby", "requestType": "de_icing", "status": "standby", "message": "STANDBY - Awaiting ATC"}
[2025-06-02 03:14:35 UTC] [REQUEST   ] Pilot requested 'de_icing' → Status set to 'requested'
[2025-06-02 03:14:39 UTC] [SOCKET    ] ATC response emitted for action 'de_icing'
[2025-06-02 03:14:42 UTC] [ACTION    ] {"action": "wilco", "requestType": "de_icing", "status": "closed", "message": "WILCO acknowledged"}
[2025-06-02 03:15:20 UTC] [REQUEST   ] Pilot requested 'de_icing' → Status set to 'requested'
[2025-06-02 03:15:24 UTC] [SOCKET    ] ATC response emitted for action 'de_icing'
[2025-06-02 03:15:28 UTC] [ACTION    ] {"action": "wilco", "requestType": "de_icing", "status": "closed", "message": "WILCO acknowledged"}
[2025-06-02 03:15:50 UTC] [REQUEST   ] Pilot requested 'de_icing' → Status set to 'requested'
[2025-06-02 03:15:54 UTC] [SOCKET    ] ATC response emitted for action 'de_icing'
[2025-06-02 03:15:55 UTC] [ACTION    ] {"action": "wilco", "requestType": "de_icing", "status": "closed", "message": "WILCO acknowledged"}
